
Showing logs for build [32mcb-kubecd-environment-pr-199-90-lzj26-1[0m stage [32mfrom-build-pack[0m and container [32mstep-credential-initializer-7f7np[0m
{"level":"warn","ts":1586699544.6348994,"logger":"fallback-logger","caller":"logging/config.go:69","msg":"Fetch GitHub commit ID from kodata failed: \"ref: refs/heads/0.8.0-**-support-backwards-incompats\" is not a valid GitHub commit ID"}
{"level":"info","ts":1586699544.640522,"logger":"fallback-logger","caller":"creds-init/main.go:40","msg":"Credentials initialized."}

Showing logs for build [32mcb-kubecd-environment-pr-199-90-lzj26-1[0m stage [32mfrom-build-pack[0m and container [32mstep-working-dir-initializer-kmlj9[0m
{"level":"warn","ts":1586699545.5909386,"logger":"fallback-logger","caller":"logging/config.go:69","msg":"Fetch GitHub commit ID from kodata failed: open /var/run/ko/HEAD: no such file or directory"}
{"level":"info","ts":1586699545.5945106,"logger":"fallback-logger","caller":"bash/main.go:64","msg":"Successfully executed command \"sh -c mkdir -p /workspace/source\"; output "}

Showing logs for build [32mcb-kubecd-environment-pr-199-90-lzj26-1[0m stage [32mfrom-build-pack[0m and container [32mstep-place-tools[0m

Showing logs for build [32mcb-kubecd-environment-pr-199-90-lzj26-1[0m stage [32mfrom-build-pack[0m and container [32mstep-git-source-cb-kubecd-environment-pr-199-90-lzj26-gbt2l[0m
{"level":"warn","ts":1586699553.7205148,"logger":"fallback-logger","caller":"logging/config.go:69","msg":"Fetch GitHub commit ID from kodata failed: \"ref: refs/heads/0.8.0-**-support-backwards-incompats\" is not a valid GitHub commit ID"}
{"level":"info","ts":1586699554.743038,"logger":"fallback-logger","caller":"git/git.go:103","msg":"Successfully cloned https://github.com/cb-kubecd/environment-pr-199-90-boot-vault-gke-staging.git @ master in path /workspace/source"}

Showing logs for build [32mcb-kubecd-environment-pr-199-90-lzj26-1[0m stage [32mfrom-build-pack[0m and container [32mstep-git-merge[0m
Using SHAs from PULL_REFS=master:e5fac73aca9fcf8ed099dd0a23a05c2f9918248b,4:493b68e5ae7801798ebb942faa823dca31a4cf65
DEBUG: JX_LOG_LEVEL=error LC_ALL=C git fetch origin --unshallow 493b68e5ae7801798ebb942faa823dca31a4cf65: e5fac73aca9fcf8ed099dd0a23a05c2f9918248b:
DEBUG: ran git fetch --unshallow origin 493b68e5ae7801798ebb942faa823dca31a4cf65: e5fac73aca9fcf8ed099dd0a23a05c2f9918248b: in 
DEBUG: LC_ALL=C JX_LOG_LEVEL=error git branch
DEBUG: LC_ALL=C JX_LOG_LEVEL=error git checkout master
DEBUG: ran git checkout master in 
DEBUG: LC_ALL=C JX_LOG_LEVEL=error git reset --hard e5fac73aca9fcf8ed099dd0a23a05c2f9918248b
DEBUG: ran git reset --hard e5fac73aca9fcf8ed099dd0a23a05c2f9918248b in 
DEBUG: LC_ALL=C JX_LOG_LEVEL=error git clean -fd .
DEBUG: ran clean --force -d . in 
DEBUG: JX_LOG_LEVEL=error LC_ALL=C git merge 493b68e5ae7801798ebb942faa823dca31a4cf65
DEBUG: ran git merge 493b68e5ae7801798ebb942faa823dca31a4cf65 in 
DEBUG: LC_ALL=C JX_LOG_LEVEL=error git log --format=%H%x1f%an%x1f%ae%x1f%cn%x1f%ce%x1f%s%n%b%x1e e5fac73aca9fcf8ed099dd0a23a05c2f9918248b..HEAD
Merged SHA 493b68e5ae7801798ebb942faa823dca31a4cf65 with commit message 'chore: Promote bdd-sbhg-1586696717 to version 0.0.1' into base branch master

Showing logs for build [32mcb-kubecd-environment-pr-199-90-lzj26-1[0m stage [32mfrom-build-pack[0m and container [32mstep-build-helm-build[0m
WARNING: No $CHART_REPOSITORY defined so using the default value of: http://jenkins-x-chartmuseum:8080
Adding missing Helm repo: storage.googleapis.com https://storage.googleapis.com/chartmuseum.jenkins-x.io
WARNING: No secrets found on "helm/repos" due: reading the secret "helm/repos" from vault: no secret "helm/repos" not found in vault
Read credentials for https://storage.googleapis.com/chartmuseum.jenkins-x.io from vault helm/repos
Successfully added Helm repository storage.googleapis.com.
Adding missing Helm repo: jenkins-x-chartmuseum http://jenkins-x-chartmuseum:8080
WARNING: No secrets found on "helm/repos" due: reading the secret "helm/repos" from vault: no secret "helm/repos" not found in vault
Read credentials for http://jenkins-x-chartmuseum:8080 from vault helm/repos
Successfully added Helm repository jenkins-x-chartmuseum.
WARNING: No $CHART_REPOSITORY defined so using the default value of: http://jenkins-x-chartmuseum:8080
Adding missing Helm repo: chartmuseum.jenkins-x.io http://chartmuseum.jenkins-x.io
WARNING: No secrets found on "helm/repos" due: reading the secret "helm/repos" from vault: no secret "helm/repos" not found in vault
Read credentials for http://chartmuseum.jenkins-x.io from vault helm/repos
Successfully added Helm repository chartmuseum.jenkins-x.io.
